#
# There is insufficient memory for the Java Runtime Environment to continue.
# Native memory allocation (mmap) failed to map 2097152 bytes for Failed to commit area from 0x00000000c3000000 to 0x00000000c3200000 of length 2097152.
# Possible reasons:
#   The system is out of physical RAM or swap space
#   The process is running with CompressedOops enabled, and the Java Heap may be blocking the growth of the native heap
# Possible solutions:
#   Reduce memory load on the system
#   Increase physical memory or swap space
#   Check if swap backing store is full
#   Decrease Java heap size (-Xmx/-Xms)
#   Decrease number of Java threads
#   Decrease Java thread stack sizes (-Xss)
#   Set larger code cache with -XX:ReservedCodeCacheSize=
#   JVM is running with Unscaled Compressed Oops mode in which the Java heap is
#     placed in the first 4GB address space. The Java Heap base address is the
#     maximum limit for the native heap growth. Please use -XX:HeapBaseMinAddress
#     to set the Java Heap base and to place the Java Heap above 4GB virtual address.
# This output file may be truncated or incomplete.
#
#  Out of Memory Error (t:/workspace/open/src/hotspot/os/windows/os_windows.cpp:3264), pid=708, tid=7264
#
# JRE version: Java(TM) SE Runtime Environment (12.0.2+10) (build 12.0.2+10)
# Java VM: Java HotSpot(TM) 64-Bit Server VM (12.0.2+10, mixed mode, sharing, tiered, compressed oops, g1 gc, windows-amd64)
# No core dump will be written. Minidumps are not enabled by default on client versions of Windows
#

---------------  S U M M A R Y ------------

Command Line: -Dapplication.home=C:\Program Files\Java\jdk-12.0.2 --add-modules=ALL-DEFAULT -Xms8m -Djdk.module.main=jdk.compiler jdk.compiler/com.sun.tools.javac.Main -d C:\Users\Administrador\Documents\Práctica\PracticaG18\build\classes -classpath C:\Users\Administrador\Documents\Práctica\PracticaG18\build\classes -sourcepath C:\Users\Administrador\Documents\Práctica\PracticaG18\build\empty -target 11 -encoding UTF-8 -g -processorpath C:\Users\Administrador\Documents\Práctica\PracticaG18\build\empty -s C:\Users\Administrador\Documents\Práctica\PracticaG18\build\generated-sources\ap-source-output -source 11 C:\Users\Administrador\Documents\Práctica\PracticaG18\src\autores\modelos\Alumno.java C:\Users\Administrador\Documents\Práctica\PracticaG18\src\autores\modelos\Autor.java C:\Users\Administrador\Documents\Práctica\PracticaG18\src\autores\modelos\Cargo.java C:\Users\Administrador\Documents\Práctica\PracticaG18\src\autores\modelos\ModeloComboCargos.java C:\Users\Administrador\Documents\Práctica\PracticaG18\src\autores\modelos\Profesor.java C:\Users\Administrador\Documents\Práctica\PracticaG18\src\autores\vistas\VentanaAMAlumno.java C:\Users\Administrador\Documents\Práctica\PracticaG18\src\autores\vistas\VentanaAMProfesor.java C:\Users\Administrador\Documents\Práctica\PracticaG18\src\grupos\modelos\Grupo.java C:\Users\Administrador\Documents\Práctica\PracticaG18\src\grupos\modelos\MiembroEnGrupo.java C:\Users\Administrador\Documents\Práctica\PracticaG18\src\grupos\modelos\Rol.java C:\Users\Administrador\Documents\Práctica\PracticaG18\src\grupos\vistas\VentanaAMGrupo.java C:\Users\Administrador\Documents\Práctica\PracticaG18\src\idiomas\modelos\Idioma.java C:\Users\Administrador\Documents\Práctica\PracticaG18\src\idiomas\vistas\VentanaAIdioma.java C:\Users\Administrador\Documents\Práctica\PracticaG18\src\lugares\modelos\Lugar.java C:\Users\Administrador\Documents\Práctica\PracticaG18\src\lugares\vistas\VentanaALugar.java C:\Users\Administrador\Documents\Práctica\PracticaG18\src\palabrasclaves\modelos\PalabraClave.java C:\Users\Administrador\Documents\Práctica\PracticaG18\src\palabrasclaves\vistas\VentanaAPalabraClave.java C:\Users\Administrador\Documents\Práctica\PracticaG18\src\principal\controladores\ControladorPrincipal.java C:\Users\Administrador\Documents\Práctica\PracticaG18\src\principal\controladores\ControladorPrincipalGUI.java C:\Users\Administrador\Documents\Práctica\PracticaG18\src\publicaciones\modelos\Publicacion.java C:\Users\Administrador\Documents\Práctica\PracticaG18\src\tipos\modelos\Tipo.java C:\Users\Administrador\Documents\Práctica\PracticaG18\src\tipos\vistas\VentanaATipo.java

Host: Intel(R) Celeron(R) CPU N3350 @ 1.10GHz, 2 cores, 3G,  Windows 10 , 64 bit Build 19041 (10.0.19041.1889)
Time: Sun Oct  2 01:59:24 2022 Hora estándar de Argentina elapsed time: 4 seconds (0d 0h 0m 4s)

---------------  T H R E A D  ---------------

Current thread (0x000001b14c2f2000):  VMThread "VM Thread" [stack: 0x000000328db00000,0x000000328dc00000] [id=7264]

Stack: [0x000000328db00000,0x000000328dc00000]
[error occurred during error reporting (printing stack bounds), id 0xc0000005, EXCEPTION_ACCESS_VIOLATION (0xc0000005) at pc=0x000001b138740bbd]

Native frames: (J=compiled Java code, j=interpreted, Vv=VM code, C=native code)
V  [jvm.dll+0x63aa2a]
V  [jvm.dll+0x78ce1e]
V  [jvm.dll+0x78e4c1]
V  [jvm.dll+0x78ea75]
V  [jvm.dll+0x78ea2b]
V  [jvm.dll+0x63a134]
V  [jvm.dll+0x63a4f8]
C  [ntdll.dll+0xa229f]
C  [ntdll.dll+0x51454]
C  [ntdll.dll+0xa0dce]
C  0x000001b138740bbd

VM_Operation (0x000000328d5fd560): G1CollectForAllocation, mode: safepoint, requested by thread 0x000001b13032d000


---------------  P R O C E S S  ---------------

Threads class SMR info:
_java_thread_list=0x000001b14c579020, length=10, elements={
0x000001b13032d000, 0x000001b14c2f6000, 0x000001b14c2fb000, 0x000001b14c315800,
0x000001b14c317800, 0x000001b14c319800, 0x000001b14c383000, 0x000001b14c38d800,
0x000001b14c560800, 0x000001b14c612000
}

Java Threads: ( => current thread )
  0x000001b13032d000 JavaThread "main" [_thread_blocked, id=8536, stack(0x000000328d500000,0x000000328d600000)]
  0x000001b14c2f6000 JavaThread "Reference Handler" daemon [_thread_blocked, id=9036, stack(0x000000328dc00000,0x000000328dd00000)]
  0x000001b14c2fb000 JavaThread "Finalizer" daemon [_thread_blocked, id=5512, stack(0x000000328dd00000,0x000000328de00000)]
  0x000001b14c315800 JavaThread "Signal Dispatcher" daemon [_thread_blocked, id=9084, stack(0x000000328de00000,0x000000328df00000)]
  0x000001b14c317800 JavaThread "Attach Listener" daemon [_thread_blocked, id=1256, stack(0x000000328df00000,0x000000328e000000)]
  0x000001b14c319800 JavaThread "C2 CompilerThread0" daemon [_thread_blocked, id=10812, stack(0x000000328e000000,0x000000328e100000)]
  0x000001b14c383000 JavaThread "C1 CompilerThread0" daemon [_thread_blocked, id=10296, stack(0x000000328e100000,0x000000328e200000)]
  0x000001b14c38d800 JavaThread "Sweeper thread" daemon [_thread_blocked, id=1000, stack(0x000000328e200000,0x000000328e300000)]
  0x000001b14c560800 JavaThread "Common-Cleaner" daemon [_thread_blocked, id=9236, stack(0x000000328e300000,0x000000328e400000)]
  0x000001b14c612000 JavaThread "Service Thread" daemon [_thread_blocked, id=11064, stack(0x000000328e400000,0x000000328e500000)]

Other Threads:
=>0x000001b14c2f2000 VMThread "VM Thread" [stack: 0x000000328db00000,0x000000328dc00000] [id=7264]
  0x000001b14c680800 WatcherThread [stack: 0x000000328e500000,0x000000328e600000] [id=9524]
  0x000001b130357000 GCTaskThread "GC Thread#0" [stack: 0x000000328d600000,0x000000328d700000] [id=10544]
  0x000001b14c760000 GCTaskThread "GC Thread#1" [stack: 0x000000328e600000,0x000000328e700000] [id=6188]
  0x000001b130360800 ConcurrentGCThread "G1 Main Marker" [stack: 0x000000328d700000,0x000000328d800000] [id=8488]
  0x000001b130362800 ConcurrentGCThread "G1 Conc#0" [stack: 0x000000328d800000,0x000000328d900000] [id=9508]
  0x000001b130372800 ConcurrentGCThread "G1 Refine#0" [stack: 0x000000328d900000,0x000000328da00000] [id=6436]
  0x000001b130373800 ConcurrentGCThread "G1 Young RemSet Sampling" [stack: 0x000000328da00000,0x000000328db00000] [id=4420]

Threads with active compile tasks:

VM state:at safepoint (normal execution)

VM Mutex/Monitor currently owned by a thread:  ([mutex/lock_event])
[0x000001b1303283a0] Threads_lock - owner thread: 0x000001b14c2f2000
[0x000001b1303291b0] Heap_lock - owner thread: 0x000001b13032d000

Heap address: 0x00000000c2800000, size: 984 MB, Compressed Oops mode: 32-bit
Narrow klass base: 0x0000000800000000, Narrow klass shift: 3
Compressed class space size: 1073741824 Address: 0x0000000801190000

Heap:
 garbage-first heap   total 10240K, used 4231K [0x00000000c2800000, 0x0000000100000000)
  region size 1024K, 1 young (1024K), 1 survivors (1024K)
 Metaspace       used 8150K, capacity 11213K, committed 11264K, reserved 1058816K
  class space    used 941K, capacity 1276K, committed 1280K, reserved 1048576K
Heap Regions: E=young(eden), S=young(survivor), O=old, HS=humongous(starts), HC=humongous(continues), CS=collection set, F=free, A=archive, TAMS=top-at-mark-start (previous, next)
|   0|0x00000000c2800000, 0x00000000c2900000, 0x00000000c2900000|100%| O|  |TAMS 0x00000000c2800000, 0x00000000c2900000| Untracked 
|   1|0x00000000c2900000, 0x00000000c2a00000, 0x00000000c2a00000|100%| O|  |TAMS 0x00000000c2900000, 0x00000000c2a00000| Untracked 
|   2|0x00000000c2a00000, 0x00000000c2b00000, 0x00000000c2b00000|100%| O|  |TAMS 0x00000000c2a00000, 0x00000000c2b00000| Untracked 
|   3|0x00000000c2b00000, 0x00000000c2bc9400, 0x00000000c2c00000| 78%| O|  |TAMS 0x00000000c2b00000, 0x00000000c2bc9400| Untracked 
|   4|0x00000000c2c00000, 0x00000000c2c00000, 0x00000000c2d00000|  0%| F|  |TAMS 0x00000000c2c00000, 0x00000000c2c00000| Untracked 
|   5|0x00000000c2d00000, 0x00000000c2d00000, 0x00000000c2e00000|  0%| F|  |TAMS 0x00000000c2d00000, 0x00000000c2d00000| Untracked 
|   6|0x00000000c2e00000, 0x00000000c2e58860, 0x00000000c2f00000| 34%| S|CS|TAMS 0x00000000c2e00000, 0x00000000c2e00000| Complete 
|   7|0x00000000c2f00000, 0x00000000c2f00000, 0x00000000c3000000|  0%| F|  |TAMS 0x00000000c2f00000, 0x00000000c2f00000| Untracked 

Card table byte_map: [0x000001b130100000,0x000001b1302f0000] _byte_map_base: 0x000001b12faec000

Marking Bits (Prev, Next): (CMBitMap*) 0x000001b13035a478, (CMBitMap*) 0x000001b13035a4b8
 Prev Bits: [0x000001b147930000, 0x000001b148890000)
 Next Bits: [0x000001b148890000, 0x000001b1497f0000)

Polling page: 0x000001b12e2c0000

Metaspace:

Usage:
  Non-class:      9.70 MB capacity,     7.04 MB ( 73%) used,     2.64 MB ( 27%) free+waste,    21.63 KB ( <1%) overhead. 
      Class:      1.25 MB capacity,   941.12 KB ( 74%) used,   324.13 KB ( 25%) free+waste,    10.75 KB ( <1%) overhead. 
       Both:     10.95 MB capacity,     7.96 MB ( 73%) used,     2.96 MB ( 27%) free+waste,    32.38 KB ( <1%) overhead. 

Virtual space:
  Non-class space:       10.00 MB reserved,       9.75 MB ( 98%) committed 
      Class space:        1.00 GB reserved,       1.25 MB ( <1%) committed 
             Both:        1.01 GB reserved,      11.00 MB (  1%) committed 

Chunk freelists:
   Non-Class:  5.88 KB
       Class:  512 bytes
        Both:  6.38 KB

CodeHeap 'non-profiled nmethods': size=120064Kb used=335Kb max_used=335Kb free=119728Kb
 bounds [0x000001b140200000, 0x000001b140470000, 0x000001b147740000]
CodeHeap 'profiled nmethods': size=120000Kb used=2322Kb max_used=2322Kb free=117677Kb
 bounds [0x000001b138cd0000, 0x000001b138f40000, 0x000001b140200000]
CodeHeap 'non-nmethods': size=5696Kb used=1085Kb max_used=1104Kb free=4611Kb
 bounds [0x000001b138740000, 0x000001b1389b0000, 0x000001b138cd0000]
 total_blobs=1616 nmethods=1020 adapters=291
 compilation: enabled
              stopped_count=0, restarted_count=0
 full_count=0

Compilation events (10 events):
Event: 4.388 Thread 0x000001b14c383000 1017       3       com.sun.tools.javac.file.RelativePath$RelativeFile::<init> (26 bytes)
Event: 4.390 Thread 0x000001b14c383000 nmethod 1017 0x000001b138f12d10 code [0x000001b138f12fe0, 0x000001b138f13d30]
Event: 4.390 Thread 0x000001b14c383000 1018       3       com.sun.tools.javac.file.PathFileObject::forDirectoryPath (12 bytes)
Event: 4.391 Thread 0x000001b14c383000 nmethod 1018 0x000001b138f14210 code [0x000001b138f14420, 0x000001b138f149e0]
Event: 4.392 Thread 0x000001b14c319800 1019       4       java.nio.ByteBuffer::position (8 bytes)
Event: 4.393 Thread 0x000001b14c319800 nmethod 1019 0x000001b140253390 code [0x000001b140253520, 0x000001b1402535f8]
Event: 4.394 Thread 0x000001b14c319800 1020       4       java.nio.ByteBuffer::limit (8 bytes)
Event: 4.395 Thread 0x000001b14c319800 nmethod 1020 0x000001b140253710 code [0x000001b1402538a0, 0x000001b140253998]
Event: 4.396 Thread 0x000001b14c319800 1021       4       jdk.internal.jimage.ImageLocation::getAttribute (44 bytes)
Event: 4.398 Thread 0x000001b14c319800 nmethod 1021 0x000001b140253a90 code [0x000001b140253c20, 0x000001b140253cd8]

GC Heap History (10 events):
Event: 3.000 GC heap after
{Heap after GC invocations=5 (full 0):
 garbage-first heap   total 8192K, used 2751K [0x00000000c2800000, 0x0000000100000000)
  region size 1024K, 1 young (1024K), 1 survivors (1024K)
 Metaspace       used 7535K, capacity 10878K, committed 11008K, reserved 1058816K
  class space    used 884K, capacity 1207K, committed 1280K, reserved 1048576K
}
Event: 3.453 GC heap before
{Heap before GC invocations=5 (full 0):
 garbage-first heap   total 8192K, used 3775K [0x00000000c2800000, 0x0000000100000000)
  region size 1024K, 2 young (2048K), 1 survivors (1024K)
 Metaspace       used 7703K, capacity 10966K, committed 11264K, reserved 1058816K
  class space    used 900K, capacity 1215K, committed 1280K, reserved 1048576K
}
Event: 3.456 GC heap after
{Heap after GC invocations=6 (full 0):
 garbage-first heap   total 8192K, used 3035K [0x00000000c2800000, 0x0000000100000000)
  region size 1024K, 1 young (1024K), 1 survivors (1024K)
 Metaspace       used 7703K, capacity 10966K, committed 11264K, reserved 1058816K
  class space    used 900K, capacity 1215K, committed 1280K, reserved 1048576K
}
Event: 3.787 GC heap before
{Heap before GC invocations=6 (full 0):
 garbage-first heap   total 8192K, used 4059K [0x00000000c2800000, 0x0000000100000000)
  region size 1024K, 2 young (2048K), 1 survivors (1024K)
 Metaspace       used 7957K, capacity 11087K, committed 11264K, reserved 1058816K
  class space    used 919K, capacity 1255K, committed 1280K, reserved 1048576K
}
Event: 3.793 GC heap after
{Heap after GC invocations=7 (full 0):
 garbage-first heap   total 8192K, used 3396K [0x00000000c2800000, 0x0000000100000000)
  region size 1024K, 1 young (1024K), 1 survivors (1024K)
 Metaspace       used 7957K, capacity 11087K, committed 11264K, reserved 1058816K
  class space    used 919K, capacity 1255K, committed 1280K, reserved 1048576K
}
Event: 4.113 GC heap before
{Heap before GC invocations=7 (full 0):
 garbage-first heap   total 8192K, used 4420K [0x00000000c2800000, 0x0000000100000000)
  region size 1024K, 2 young (2048K), 1 survivors (1024K)
 Metaspace       used 8016K, capacity 11113K, committed 11264K, reserved 1058816K
  class space    used 926K, capacity 1264K, committed 1280K, reserved 1048576K
}
Event: 4.121 GC heap after
{Heap after GC invocations=8 (full 0):
 garbage-first heap   total 8192K, used 3900K [0x00000000c2800000, 0x0000000100000000)
  region size 1024K, 1 young (1024K), 1 survivors (1024K)
 Metaspace       used 8016K, capacity 11113K, committed 11264K, reserved 1058816K
  class space    used 926K, capacity 1264K, committed 1280K, reserved 1048576K
}
Event: 4.281 GC heap before
{Heap before GC invocations=8 (full 0):
 garbage-first heap   total 8192K, used 4924K [0x00000000c2800000, 0x0000000100000000)
  region size 1024K, 2 young (2048K), 1 survivors (1024K)
 Metaspace       used 8102K, capacity 11200K, committed 11264K, reserved 1058816K
  class space    used 937K, capacity 1272K, committed 1280K, reserved 1048576K
}
Event: 4.290 GC heap after
{Heap after GC invocations=9 (full 0):
 garbage-first heap   total 8192K, used 4094K [0x00000000c2800000, 0x0000000100000000)
  region size 1024K, 1 young (1024K), 1 survivors (1024K)
 Metaspace       used 8102K, capacity 11200K, committed 11264K, reserved 1058816K
  class space    used 937K, capacity 1272K, committed 1280K, reserved 1048576K
}
Event: 4.398 GC heap before
{Heap before GC invocations=9 (full 0):
 garbage-first heap   total 8192K, used 5118K [0x00000000c2800000, 0x0000000100000000)
  region size 1024K, 2 young (2048K), 1 survivors (1024K)
 Metaspace       used 8150K, capacity 11213K, committed 11264K, reserved 1058816K
  class space    used 941K, capacity 1276K, committed 1280K, reserved 1048576K
}

Deoptimization events (10 events):
Event: 2.198 Thread 0x000001b13032d000 Uncommon trap: reason=unstable_if action=reinterpret pc=0x000001b1402200d4 method=java.lang.String.regionMatches(ILjava/lang/String;II)Z @ 111 c2
Event: 2.798 Thread 0x000001b13032d000 Uncommon trap: reason=unstable_if action=reinterpret pc=0x000001b14022ed7c method=com.sun.tools.javac.parser.UnicodeReader.scanChar()V @ 37 c2
Event: 3.221 Thread 0x000001b13032d000 Uncommon trap: reason=unstable_if action=reinterpret pc=0x000001b1402315e4 method=com.sun.tools.javac.parser.UnicodeReader.scanCommentChar()V @ 10 c2
Event: 3.513 Thread 0x000001b13032d000 Uncommon trap: reason=unstable_if action=reinterpret pc=0x000001b14023203c method=com.sun.tools.javac.util.Name$Table.equals([BI[BII)Z @ 22 c2
Event: 3.543 Thread 0x000001b13032d000 Uncommon trap: reason=class_check action=maybe_recompile pc=0x000001b140243774 method=java.util.HashMap.putVal(ILjava/lang/Object;Ljava/lang/Object;ZZ)Ljava/lang/Object; @ 91 c2
Event: 3.544 Thread 0x000001b13032d000 Uncommon trap: reason=class_check action=maybe_recompile pc=0x000001b140243774 method=java.util.HashMap.putVal(ILjava/lang/Object;Ljava/lang/Object;ZZ)Ljava/lang/Object; @ 91 c2
Event: 4.332 Thread 0x000001b13032d000 Uncommon trap: reason=profile_predicate action=maybe_recompile pc=0x000001b140251c94 method=java.lang.StringLatin1.indexOf([BI[BII)I @ 18 c2
Event: 4.332 Thread 0x000001b13032d000 Uncommon trap: reason=profile_predicate action=maybe_recompile pc=0x000001b140251c94 method=java.lang.StringLatin1.indexOf([BI[BII)I @ 18 c2
Event: 4.332 Thread 0x000001b13032d000 Uncommon trap: reason=profile_predicate action=maybe_recompile pc=0x000001b140251c94 method=java.lang.StringLatin1.indexOf([BI[BII)I @ 18 c2
Event: 4.332 Thread 0x000001b13032d000 Uncommon trap: reason=profile_predicate action=maybe_recompile pc=0x000001b140251c94 method=java.lang.StringLatin1.indexOf([BI[BII)I @ 18 c2

Classes redefined (0 events):
No events

Internal exceptions (10 events):
Event: 4.250 Thread 0x000001b13032d000 Exception <a 'sun/nio/fs/WindowsException'{0x00000000c2f55628}> (0x00000000c2f55628) thrown at [t:/workspace/open/src/hotspot/share/prims/jni.cpp, line 615]
Event: 4.251 Thread 0x000001b13032d000 Exception <a 'sun/nio/fs/WindowsException'{0x00000000c2f55968}> (0x00000000c2f55968) thrown at [t:/workspace/open/src/hotspot/share/prims/jni.cpp, line 615]
Event: 4.252 Thread 0x000001b13032d000 Exception <a 'sun/nio/fs/WindowsException'{0x00000000c2f57540}> (0x00000000c2f57540) thrown at [t:/workspace/open/src/hotspot/share/prims/jni.cpp, line 615]
Event: 4.252 Thread 0x000001b13032d000 Exception <a 'sun/nio/fs/WindowsException'{0x00000000c2f57860}> (0x00000000c2f57860) thrown at [t:/workspace/open/src/hotspot/share/prims/jni.cpp, line 615]
Event: 4.253 Thread 0x000001b13032d000 Exception <a 'sun/nio/fs/WindowsException'{0x00000000c2f583c0}> (0x00000000c2f583c0) thrown at [t:/workspace/open/src/hotspot/share/prims/jni.cpp, line 615]
Event: 4.253 Thread 0x000001b13032d000 Exception <a 'sun/nio/fs/WindowsException'{0x00000000c2f586d0}> (0x00000000c2f586d0) thrown at [t:/workspace/open/src/hotspot/share/prims/jni.cpp, line 615]
Event: 4.254 Thread 0x000001b13032d000 Exception <a 'sun/nio/fs/WindowsException'{0x00000000c2f5add8}> (0x00000000c2f5add8) thrown at [t:/workspace/open/src/hotspot/share/prims/jni.cpp, line 615]
Event: 4.254 Thread 0x000001b13032d000 Exception <a 'sun/nio/fs/WindowsException'{0x00000000c2f5b0f0}> (0x00000000c2f5b0f0) thrown at [t:/workspace/open/src/hotspot/share/prims/jni.cpp, line 615]
Event: 4.254 Thread 0x000001b13032d000 Exception <a 'sun/nio/fs/WindowsException'{0x00000000c2f5bc50}> (0x00000000c2f5bc50) thrown at [t:/workspace/open/src/hotspot/share/prims/jni.cpp, line 615]
Event: 4.254 Thread 0x000001b13032d000 Exception <a 'sun/nio/fs/WindowsException'{0x00000000c2f5bf50}> (0x00000000c2f5bf50) thrown at [t:/workspace/open/src/hotspot/share/prims/jni.cpp, line 615]

Events (10 events):
Event: 4.332 Thread 0x000001b13032d000 Uncommon trap: trap_request=0xffffffbe fr.pc=0x000001b140251c94 relative=0x0000000000000354
Event: 4.332 Thread 0x000001b13032d000 DEOPT PACKING pc=0x000001b140251c94 sp=0x000000328d5fe290
Event: 4.332 Thread 0x000001b13032d000 DEOPT UNPACKING pc=0x000001b138769029 sp=0x000000328d5fe1f0 mode 2
Event: 4.332 Thread 0x000001b13032d000 Uncommon trap: trap_request=0xffffffbe fr.pc=0x000001b140251c94 relative=0x0000000000000354
Event: 4.332 Thread 0x000001b13032d000 DEOPT PACKING pc=0x000001b140251c94 sp=0x000000328d5fe290
Event: 4.332 Thread 0x000001b13032d000 DEOPT UNPACKING pc=0x000001b138769029 sp=0x000000328d5fe1f0 mode 2
Event: 4.332 Thread 0x000001b13032d000 Uncommon trap: trap_request=0xffffffbe fr.pc=0x000001b140251c94 relative=0x0000000000000354
Event: 4.332 Thread 0x000001b13032d000 DEOPT PACKING pc=0x000001b140251c94 sp=0x000000328d5fe360
Event: 4.332 Thread 0x000001b13032d000 DEOPT UNPACKING pc=0x000001b138769029 sp=0x000000328d5fe2c0 mode 2
Event: 4.398 Executing VM operation: G1CollectForAllocation


Dynamic libraries:
0x00007ff7d3aa0000 - 0x00007ff7d3aa8000 	C:\Program Files\Java\jdk-12.0.2\bin\javac.exe
0x00007ffd47250000 - 0x00007ffd47448000 	C:\Windows\SYSTEM32\ntdll.dll
0x00007ffd46a00000 - 0x00007ffd46abd000 	C:\Windows\System32\KERNEL32.DLL
0x00007ffd44fe0000 - 0x00007ffd452ae000 	C:\Windows\System32\KERNELBASE.dll
0x00007ffd44ad0000 - 0x00007ffd44bd0000 	C:\Windows\System32\ucrtbase.dll
0x00007ffd33d20000 - 0x00007ffd33d36000 	C:\Program Files\Java\jdk-12.0.2\bin\VCRUNTIME140.dll
0x00007ffd3d210000 - 0x00007ffd3d228000 	C:\Program Files\Java\jdk-12.0.2\bin\jli.dll
0x00007ffd46030000 - 0x00007ffd460de000 	C:\Windows\System32\ADVAPI32.dll
0x00007ffd462e0000 - 0x00007ffd4637e000 	C:\Windows\System32\msvcrt.dll
0x00007ffd460e0000 - 0x00007ffd4617c000 	C:\Windows\System32\sechost.dll
0x00007ffd45dd0000 - 0x00007ffd45ef5000 	C:\Windows\System32\RPCRT4.dll
0x00007ffd46850000 - 0x00007ffd469f0000 	C:\Windows\System32\USER32.dll
0x00007ffd44fb0000 - 0x00007ffd44fd2000 	C:\Windows\System32\win32u.dll
0x00007ffd45520000 - 0x00007ffd4554a000 	C:\Windows\System32\GDI32.dll
0x00007ffd44ea0000 - 0x00007ffd44fab000 	C:\Windows\System32\gdi32full.dll
0x00007ffd44a30000 - 0x00007ffd44acd000 	C:\Windows\System32\msvcp_win.dll
0x00007ffd3dcf0000 - 0x00007ffd3df8a000 	C:\Windows\WinSxS\amd64_microsoft.windows.common-controls_6595b64144ccf1df_6.0.19041.1110_none_60b5254171f9507e\COMCTL32.dll
0x00007ffd31ef0000 - 0x00007ffd31efa000 	C:\Windows\SYSTEM32\VERSION.dll
0x00007ffd46230000 - 0x00007ffd46260000 	C:\Windows\System32\IMM32.DLL
0x00007ffd13c00000 - 0x00007ffd13caa000 	C:\Program Files\Java\jdk-12.0.2\bin\msvcp140.dll
0x00007ffcfa8b0000 - 0x00007ffcfb427000 	C:\Program Files\Java\jdk-12.0.2\bin\server\jvm.dll
0x00007ffd45b20000 - 0x00007ffd45b28000 	C:\Windows\System32\PSAPI.DLL
0x00007ffd324d0000 - 0x00007ffd324d9000 	C:\Windows\SYSTEM32\WSOCK32.dll
0x00007ffd45c40000 - 0x00007ffd45cab000 	C:\Windows\System32\WS2_32.dll
0x00007ffd351f0000 - 0x00007ffd35217000 	C:\Windows\SYSTEM32\WINMM.dll
0x00007ffd43250000 - 0x00007ffd43262000 	C:\Windows\SYSTEM32\kernel.appcore.dll
0x00007ffd33990000 - 0x00007ffd339a1000 	C:\Program Files\Java\jdk-12.0.2\bin\verify.dll
0x00007ffd42ec0000 - 0x00007ffd430a4000 	C:\Windows\SYSTEM32\DBGHELP.DLL
0x00007ffd3cdb0000 - 0x00007ffd3cddc000 	C:\Windows\SYSTEM32\dbgcore.DLL
0x00007ffd44c80000 - 0x00007ffd44d02000 	C:\Windows\System32\bcryptPrimitives.dll
0x00007ffd265f0000 - 0x00007ffd26616000 	C:\Program Files\Java\jdk-12.0.2\bin\java.dll
0x00007ffd316f0000 - 0x00007ffd31707000 	C:\Program Files\Java\jdk-12.0.2\bin\zip.dll
0x00007ffd391a0000 - 0x00007ffd391aa000 	C:\Program Files\Java\jdk-12.0.2\bin\jimage.dll
0x00007ffd46ac0000 - 0x00007ffd47204000 	C:\Windows\System32\SHELL32.dll
0x00007ffd42720000 - 0x00007ffd42eb4000 	C:\Windows\SYSTEM32\windows.storage.dll
0x00007ffd457a0000 - 0x00007ffd45af4000 	C:\Windows\System32\combase.dll
0x00007ffd44300000 - 0x00007ffd44330000 	C:\Windows\SYSTEM32\Wldp.dll
0x00007ffd46180000 - 0x00007ffd4622d000 	C:\Windows\System32\SHCORE.dll
0x00007ffd45390000 - 0x00007ffd453e5000 	C:\Windows\System32\shlwapi.dll
0x00007ffd448b0000 - 0x00007ffd448cf000 	C:\Windows\SYSTEM32\profapi.dll
0x00007ffd2ff20000 - 0x00007ffd2ff39000 	C:\Program Files\Java\jdk-12.0.2\bin\net.dll
0x00007ffd34470000 - 0x00007ffd3457a000 	C:\Windows\SYSTEM32\WINHTTP.dll
0x00007ffd38ef0000 - 0x00007ffd390dc000 	C:\Windows\SYSTEM32\urlmon.dll
0x00007ffd39240000 - 0x00007ffd394f1000 	C:\Windows\SYSTEM32\iertutil.dll
0x00007ffd38ec0000 - 0x00007ffd38ee8000 	C:\Windows\SYSTEM32\srvcli.dll
0x00007ffd43e60000 - 0x00007ffd43e6c000 	C:\Windows\SYSTEM32\netutils.dll
0x00007ffd44060000 - 0x00007ffd440ca000 	C:\Windows\system32\mswsock.dll
0x00007ffd2dbf0000 - 0x00007ffd2dc03000 	C:\Program Files\Java\jdk-12.0.2\bin\nio.dll

dbghelp: loaded successfully - version: 4.0.5 - missing functions: none
symbol engine: initialized successfully - sym options: 0x614 - pdb path: .;C:\Program Files\Java\jdk-12.0.2\bin;C:\Windows\SYSTEM32;C:\Windows\WinSxS\amd64_microsoft.windows.common-controls_6595b64144ccf1df_6.0.19041.1110_none_60b5254171f9507e;C:\Program Files\Java\jdk-12.0.2\bin\server

VM Arguments:
jvm_args: -Dapplication.home=C:\Program Files\Java\jdk-12.0.2 --add-modules=ALL-DEFAULT -Xms8m -Djdk.module.main=jdk.compiler 
java_command: jdk.compiler/com.sun.tools.javac.Main -d C:\Users\Administrador\Documents\Práctica\PracticaG18\build\classes -classpath C:\Users\Administrador\Documents\Práctica\PracticaG18\build\classes -sourcepath C:\Users\Administrador\Documents\Práctica\PracticaG18\build\empty -target 11 -encoding UTF-8 -g -processorpath C:\Users\Administrador\Documents\Práctica\PracticaG18\build\empty -s C:\Users\Administrador\Documents\Práctica\PracticaG18\build\generated-sources\ap-source-output -source 11 C:\Users\Administrador\Documents\Práctica\PracticaG18\src\autores\modelos\Alumno.java C:\Users\Administrador\Documents\Práctica\PracticaG18\src\autores\modelos\Autor.java C:\Users\Administrador\Documents\Práctica\PracticaG18\src\autores\modelos\Cargo.java C:\Users\Administrador\Documents\Práctica\PracticaG18\src\autores\modelos\ModeloComboCargos.java C:\Users\Administrador\Documents\Práctica\PracticaG18\src\autores\modelos\Profesor.java C:\Users\Administrador\Documents\Práctica\PracticaG18\src\autores\vistas\VentanaAMAlumno.java C:\Users\Administrador\Documents\Práctica\PracticaG18\src\autores\vistas\VentanaAMProfesor.java C:\Users\Administrador\Documents\Práctica\PracticaG18\src\grupos\modelos\Grupo.java C:\Users\Administrador\Documents\Práctica\PracticaG18\src\grupos\modelos\MiembroEnGrupo.java C:\Users\Administrador\Documents\Práctica\PracticaG18\src\grupos\modelos\Rol.java C:\Users\Administrador\Documents\Práctica\PracticaG18\src\grupos\vistas\VentanaAMGrupo.java C:\Users\Administrador\Documents\Práctica\PracticaG18\src\idiomas\modelos\Idioma.java C:\Users\Administrador\Documents\Práctica\PracticaG18\src\idiomas\vistas\VentanaAIdioma.java C:\Users\Administrador\Documents\Práctica\PracticaG18\src\lugares\modelos\Lugar.java C:\Users\Administrador\Documents\Práctica\PracticaG18\src\lugares\vistas\VentanaALugar.java C:\Users\Administrador\Documents\Práctica\PracticaG18\src\palabrasclaves\modelos\PalabraClave.java C:\Users\Administrador\Documents\Práctica\PracticaG18\src\pal
java_class_path (initial): <not set>
Launcher Type: SUN_STANDARD

[Global flags]
     intx CICompilerCount                          = 2                                         {product} {ergonomic}
     uint ConcGCThreads                            = 1                                         {product} {ergonomic}
     uint G1ConcRefinementThreads                  = 2                                         {product} {ergonomic}
   size_t G1HeapRegionSize                         = 1048576                                   {product} {ergonomic}
    uintx GCDrainStackTargetSize                   = 64                                        {product} {ergonomic}
   size_t InitialHeapSize                          = 8388608                                   {product} {command line}
   size_t MarkStackSize                            = 4194304                                   {product} {ergonomic}
   size_t MaxHeapSize                              = 1031798784                                {product} {ergonomic}
   size_t MaxNewSize                               = 618659840                                 {product} {ergonomic}
   size_t MinHeapDeltaBytes                        = 1048576                                   {product} {ergonomic}
    uintx NonNMethodCodeHeapSize                   = 5825164                                {pd product} {ergonomic}
    uintx NonProfiledCodeHeapSize                  = 122916538                              {pd product} {ergonomic}
    uintx ProfiledCodeHeapSize                     = 122916538                              {pd product} {ergonomic}
    uintx ReservedCodeCacheSize                    = 251658240                              {pd product} {ergonomic}
     bool SegmentedCodeCache                       = true                                      {product} {ergonomic}
     bool UseCompressedClassPointers               = true                                 {lp64_product} {ergonomic}
     bool UseCompressedOops                        = true                                 {lp64_product} {ergonomic}
     bool UseG1GC                                  = true                                      {product} {ergonomic}
     bool UseLargePagesIndividualAllocation        = false                                  {pd product} {ergonomic}

Logging:
Log output configuration:
 #0: stdout all=warning uptime,level,tags
 #1: stderr all=off uptime,level,tags

Environment Variables:
PATH=C:\Windows\system32;C:\Windows;C:\Windows\System32\Wbem;C:\Windows\System32\WindowsPowerShell\v1.0\;C:\Windows\System32\OpenSSH\;C:\Program Files\Java\jdk-12.0.2\bin;C:\Program Files\Git\cmd;C:\Program Files (x86)\dotnet\;C:\Users\Administrador\AppData\Local\Microsoft\WindowsApps;
USERNAME=Administrador
OS=Windows_NT
PROCESSOR_IDENTIFIER=Intel64 Family 6 Model 92 Stepping 9, GenuineIntel



---------------  S Y S T E M  ---------------

OS: Windows 10 , 64 bit Build 19041 (10.0.19041.1889)

CPU:total 2 (initial active 2) (2 cores per cpu, 1 threads per core) family 6 model 92 stepping 9, cmov, cx8, fxsr, mmx, sse, sse2, sse3, ssse3, sse4.1, sse4.2, popcnt, aes, clmul, erms, 3dnowpref, tsc, tscinvbit, sha

Memory: 4k page, system-wide physical 3928M (404M free)
TotalPageFile size 16216M (AvailPageFile size 7M)
current process WorkingSet (physical memory assigned to process): 66M, peak: 66M
current process commit charge ("private bytes"): 87M, peak: 89M

vm_info: Java HotSpot(TM) 64-Bit Server VM (12.0.2+10) for windows-amd64 JRE (12.0.2+10), built on Jul 16 2019 01:56:17 by "mach5one" with MS VC++ 15.5 (VS2017)

END.
