#
# There is insufficient memory for the Java Runtime Environment to continue.
# Native memory allocation (malloc) failed to allocate 493776 bytes for Chunk::new
# Possible reasons:
#   The system is out of physical RAM or swap space
#   The process is running with CompressedOops enabled, and the Java Heap may be blocking the growth of the native heap
# Possible solutions:
#   Reduce memory load on the system
#   Increase physical memory or swap space
#   Check if swap backing store is full
#   Decrease Java heap size (-Xmx/-Xms)
#   Decrease number of Java threads
#   Decrease Java thread stack sizes (-Xss)
#   Set larger code cache with -XX:ReservedCodeCacheSize=
#   JVM is running with Unscaled Compressed Oops mode in which the Java heap is
#     placed in the first 4GB address space. The Java Heap base address is the
#     maximum limit for the native heap growth. Please use -XX:HeapBaseMinAddress
#     to set the Java Heap base and to place the Java Heap above 4GB virtual address.
# This output file may be truncated or incomplete.
#
#  Out of Memory Error (t:/workspace/open/src/hotspot/share/memory/arena.cpp:197), pid=11580, tid=10412
#
# JRE version: Java(TM) SE Runtime Environment (12.0.2+10) (build 12.0.2+10)
# Java VM: Java HotSpot(TM) 64-Bit Server VM (12.0.2+10, mixed mode, sharing, tiered, compressed oops, g1 gc, windows-amd64)
# No core dump will be written. Minidumps are not enabled by default on client versions of Windows
#

---------------  S U M M A R Y ------------

Command Line: -Dapplication.home=C:\Program Files\Java\jdk-12.0.2 --add-modules=ALL-DEFAULT -Xms8m -Djdk.module.main=jdk.compiler jdk.compiler/com.sun.tools.javac.Main -d C:\Users\Administrador\Documents\Práctica\PracticaG18\build\classes -classpath C:\Users\Administrador\Documents\Práctica\PracticaG18\build\classes -sourcepath C:\Users\Administrador\Documents\Práctica\PracticaG18\build\empty -target 11 -encoding UTF-8 -g -processorpath C:\Users\Administrador\Documents\Práctica\PracticaG18\build\empty -s C:\Users\Administrador\Documents\Práctica\PracticaG18\build\generated-sources\ap-source-output -source 11 C:\Users\Administrador\Documents\Práctica\PracticaG18\src\autores\modelos\Alumno.java C:\Users\Administrador\Documents\Práctica\PracticaG18\src\autores\modelos\Autor.java C:\Users\Administrador\Documents\Práctica\PracticaG18\src\autores\modelos\Cargo.java C:\Users\Administrador\Documents\Práctica\PracticaG18\src\autores\modelos\ModeloComboCargos.java C:\Users\Administrador\Documents\Práctica\PracticaG18\src\autores\modelos\Profesor.java C:\Users\Administrador\Documents\Práctica\PracticaG18\src\autores\vistas\VentanaAMAlumno.java C:\Users\Administrador\Documents\Práctica\PracticaG18\src\autores\vistas\VentanaAMProfesor.java C:\Users\Administrador\Documents\Práctica\PracticaG18\src\grupos\modelos\Grupo.java C:\Users\Administrador\Documents\Práctica\PracticaG18\src\grupos\modelos\MiembroEnGrupo.java C:\Users\Administrador\Documents\Práctica\PracticaG18\src\grupos\modelos\Rol.java C:\Users\Administrador\Documents\Práctica\PracticaG18\src\grupos\vistas\VentanaAMGrupo.java C:\Users\Administrador\Documents\Práctica\PracticaG18\src\idiomas\modelos\Idioma.java C:\Users\Administrador\Documents\Práctica\PracticaG18\src\idiomas\vistas\VentanaAIdioma.java C:\Users\Administrador\Documents\Práctica\PracticaG18\src\lugares\modelos\Lugar.java C:\Users\Administrador\Documents\Práctica\PracticaG18\src\lugares\vistas\VentanaALugar.java C:\Users\Administrador\Documents\Práctica\PracticaG18\src\palabrasclaves\modelos\PalabraClave.java C:\Users\Administrador\Documents\Práctica\PracticaG18\src\palabrasclaves\vistas\VentanaAPalabraClave.java C:\Users\Administrador\Documents\Práctica\PracticaG18\src\principal\controladores\ControladorPrincipal.java C:\Users\Administrador\Documents\Práctica\PracticaG18\src\principal\controladores\ControladorPrincipalGUI.java C:\Users\Administrador\Documents\Práctica\PracticaG18\src\publicaciones\modelos\Publicacion.java C:\Users\Administrador\Documents\Práctica\PracticaG18\src\tipos\modelos\Tipo.java C:\Users\Administrador\Documents\Práctica\PracticaG18\src\tipos\vistas\VentanaATipo.java

Host: Intel(R) Celeron(R) CPU N3350 @ 1.10GHz, 2 cores, 3G,  Windows 10 , 64 bit Build 19041 (10.0.19041.1889)
Time: Sun Oct  2 01:57:58 2022 Hora estándar de Argentina elapsed time: 4 seconds (0d 0h 0m 4s)

---------------  T H R E A D  ---------------

Current thread (0x0000022bef378000):  JavaThread "C2 CompilerThread0" daemon [_thread_in_native, id=10412, stack(0x00000054e4b00000,0x00000054e4c00000)]


Current CompileTask:
C2:   4427 1193       4       jdk.internal.jimage.ImageLocation::getFullName (109 bytes)

Stack: [0x00000054e4b00000,0x00000054e4c00000]
Native frames: (J=compiled Java code, j=interpreted, Vv=VM code, C=native code)
V  [jvm.dll+0x63aa2a]
V  [jvm.dll+0x78ce1e]
V  [jvm.dll+0x78e4c1]
V  [jvm.dll+0x78eb13]
V  [jvm.dll+0x2627e8]
V  [jvm.dll+0xc55cc]
V  [jvm.dll+0xc5b4c]
V  [jvm.dll+0x37a677]
V  [jvm.dll+0x3463d3]
V  [jvm.dll+0x34579a]
V  [jvm.dll+0x21c205]
V  [jvm.dll+0x21b3da]
V  [jvm.dll+0x199a20]
V  [jvm.dll+0x22a744]
V  [jvm.dll+0x228d98]
V  [jvm.dll+0x7512a0]
V  [jvm.dll+0x74a2c8]
V  [jvm.dll+0x639b16]
C  [ucrtbase.dll+0x21bb2]
C  [KERNEL32.DLL+0x17034]
C  [ntdll.dll+0x52651]


---------------  P R O C E S S  ---------------

Threads class SMR info:
_java_thread_list=0x0000022bef5dfeb0, length=10, elements={
0x0000022bd32ab000, 0x0000022bef356800, 0x0000022bef359800, 0x0000022bef374000,
0x0000022bef376000, 0x0000022bef378000, 0x0000022bef37b800, 0x0000022bef3fe800,
0x0000022bef5c0800, 0x0000022bef61d800
}

Java Threads: ( => current thread )
  0x0000022bd32ab000 JavaThread "main" [_thread_in_vm, id=4428, stack(0x00000054e4000000,0x00000054e4100000)]
  0x0000022bef356800 JavaThread "Reference Handler" daemon [_thread_blocked, id=3728, stack(0x00000054e4700000,0x00000054e4800000)]
  0x0000022bef359800 JavaThread "Finalizer" daemon [_thread_blocked, id=6696, stack(0x00000054e4800000,0x00000054e4900000)]
  0x0000022bef374000 JavaThread "Signal Dispatcher" daemon [_thread_blocked, id=432, stack(0x00000054e4900000,0x00000054e4a00000)]
  0x0000022bef376000 JavaThread "Attach Listener" daemon [_thread_blocked, id=8016, stack(0x00000054e4a00000,0x00000054e4b00000)]
=>0x0000022bef378000 JavaThread "C2 CompilerThread0" daemon [_thread_in_native, id=10412, stack(0x00000054e4b00000,0x00000054e4c00000)]
  0x0000022bef37b800 JavaThread "C1 CompilerThread0" daemon [_thread_in_vm, id=10944, stack(0x00000054e4c00000,0x00000054e4d00000)]
  0x0000022bef3fe800 JavaThread "Sweeper thread" daemon [_thread_blocked, id=5532, stack(0x00000054e4d00000,0x00000054e4e00000)]
  0x0000022bef5c0800 JavaThread "Common-Cleaner" daemon [_thread_blocked, id=7808, stack(0x00000054e4e00000,0x00000054e4f00000)]
  0x0000022bef61d800 JavaThread "Service Thread" daemon [_thread_blocked, id=9652, stack(0x00000054e4f00000,0x00000054e5000000)]

Other Threads:
  0x0000022bef350800 VMThread "VM Thread" [stack: 0x00000054e4600000,0x00000054e4700000] [id=4680]
  0x0000022bef620000 WatcherThread [stack: 0x00000054e5000000,0x00000054e5100000] [id=5836]
  0x0000022bd32d5800 GCTaskThread "GC Thread#0" [stack: 0x00000054e4100000,0x00000054e4200000] [id=5232]
  0x0000022bef7b2800 GCTaskThread "GC Thread#1" [stack: 0x00000054e5100000,0x00000054e5200000] [id=736]
  0x0000022bd32de000 ConcurrentGCThread "G1 Main Marker" [stack: 0x00000054e4200000,0x00000054e4300000] [id=4620]
  0x0000022bd32e0000 ConcurrentGCThread "G1 Conc#0" [stack: 0x00000054e4300000,0x00000054e4400000] [id=11632]
  0x0000022bd32ef800 ConcurrentGCThread "G1 Refine#0" [stack: 0x00000054e4400000,0x00000054e4500000] [id=13152]
  0x0000022bd32f0800 ConcurrentGCThread "G1 Young RemSet Sampling" [stack: 0x00000054e4500000,0x00000054e4600000] [id=7628]

Threads with active compile tasks:
C2 CompilerThread0  1193       4       jdk.internal.jimage.ImageLocation::getFullName (109 bytes)

VM state:not at safepoint (normal execution)

VM Mutex/Monitor currently owned by a thread: None

Heap address: 0x00000000c2800000, size: 984 MB, Compressed Oops mode: 32-bit
Narrow klass base: 0x0000000800000000, Narrow klass shift: 3
Compressed class space size: 1073741824 Address: 0x0000000801190000

Heap:
 garbage-first heap   total 15360K, used 7675K [0x00000000c2800000, 0x0000000100000000)
  region size 1024K, 4 young (4096K), 1 survivors (1024K)
 Metaspace       used 8509K, capacity 11468K, committed 11648K, reserved 1058816K
  class space    used 975K, capacity 1296K, committed 1408K, reserved 1048576K
Heap Regions: E=young(eden), S=young(survivor), O=old, HS=humongous(starts), HC=humongous(continues), CS=collection set, F=free, A=archive, TAMS=top-at-mark-start (previous, next)
|   0|0x00000000c2800000, 0x00000000c2900000, 0x00000000c2900000|100%| O|  |TAMS 0x00000000c2800000, 0x00000000c2800000| Untracked 
|   1|0x00000000c2900000, 0x00000000c2a00000, 0x00000000c2a00000|100%| O|  |TAMS 0x00000000c2900000, 0x00000000c2900000| Untracked 
|   2|0x00000000c2a00000, 0x00000000c2b00000, 0x00000000c2b00000|100%| O|  |TAMS 0x00000000c2a00000, 0x00000000c2a00000| Untracked 
|   3|0x00000000c2b00000, 0x00000000c2c00000, 0x00000000c2c00000|100%| O|  |TAMS 0x00000000c2b00000, 0x00000000c2b00000| Untracked 
|   4|0x00000000c2c00000, 0x00000000c2c92e00, 0x00000000c2d00000| 57%| O|  |TAMS 0x00000000c2c00000, 0x00000000c2c00000| Untracked 
|   5|0x00000000c2d00000, 0x00000000c2d00000, 0x00000000c2e00000|  0%| F|  |TAMS 0x00000000c2d00000, 0x00000000c2d00000| Untracked 
|   6|0x00000000c2e00000, 0x00000000c2e00000, 0x00000000c2f00000|  0%| F|  |TAMS 0x00000000c2e00000, 0x00000000c2e00000| Untracked 
|   7|0x00000000c2f00000, 0x00000000c2f00000, 0x00000000c3000000|  0%| F|  |TAMS 0x00000000c2f00000, 0x00000000c2f00000| Untracked 
|   8|0x00000000c3000000, 0x00000000c3000000, 0x00000000c3100000|  0%| F|  |TAMS 0x00000000c3000000, 0x00000000c3000000| Untracked 
|   9|0x00000000c3100000, 0x00000000c3100000, 0x00000000c3200000|  0%| F|  |TAMS 0x00000000c3100000, 0x00000000c3100000| Untracked 
|  10|0x00000000c3200000, 0x00000000c3200000, 0x00000000c3300000|  0%| F|  |TAMS 0x00000000c3200000, 0x00000000c3200000| Untracked 
|  11|0x00000000c3300000, 0x00000000c33ec158, 0x00000000c3400000| 92%| S|CS|TAMS 0x00000000c3300000, 0x00000000c3300000| Complete 
|  12|0x00000000c3400000, 0x00000000c3500000, 0x00000000c3500000|100%| E|  |TAMS 0x00000000c3400000, 0x00000000c3400000| Complete 
|  13|0x00000000c3500000, 0x00000000c3600000, 0x00000000c3600000|100%| E|CS|TAMS 0x00000000c3500000, 0x00000000c3500000| Complete 
|  14|0x00000000c3600000, 0x00000000c3700000, 0x00000000c3700000|100%| E|CS|TAMS 0x00000000c3600000, 0x00000000c3600000| Complete 

Card table byte_map: [0x0000022bea6c0000,0x0000022bea8b0000] _byte_map_base: 0x0000022bea0ac000

Marking Bits (Prev, Next): (CMBitMap*) 0x0000022bd32d7588, (CMBitMap*) 0x0000022bd32d75c8
 Prev Bits: [0x0000022beaaa0000, 0x0000022beba00000)
 Next Bits: [0x0000022beba00000, 0x0000022bec960000)

Polling page: 0x0000022bd2a90000

Metaspace:

Usage:
  Non-class:      9.93 MB capacity,     7.36 MB ( 74%) used,     2.55 MB ( 26%) free+waste,    24.50 KB ( <1%) overhead. 
      Class:      1.27 MB capacity,   975.26 KB ( 75%) used,   308.74 KB ( 24%) free+waste,    12.00 KB ( <1%) overhead. 
       Both:     11.20 MB capacity,     8.31 MB ( 74%) used,     2.85 MB ( 25%) free+waste,    36.50 KB ( <1%) overhead. 

Virtual space:
  Non-class space:       10.00 MB reserved,      10.00 MB (100%) committed 
      Class space:        1.00 GB reserved,       1.38 MB ( <1%) committed 
             Both:        1.01 GB reserved,      11.38 MB (  1%) committed 

Chunk freelists:
   Non-Class:  512 bytes
       Class:  0 bytes
        Both:  512 bytes

CodeHeap 'non-profiled nmethods': size=120064Kb used=397Kb max_used=397Kb free=119667Kb
 bounds [0x0000022be3180000, 0x0000022be33f0000, 0x0000022bea6c0000]
CodeHeap 'profiled nmethods': size=120000Kb used=2879Kb max_used=2879Kb free=117120Kb
 bounds [0x0000022bdbc50000, 0x0000022bdbf20000, 0x0000022be3180000]
CodeHeap 'non-nmethods': size=5696Kb used=1087Kb max_used=1104Kb free=4608Kb
 bounds [0x0000022bdb6c0000, 0x0000022bdb930000, 0x0000022bdbc50000]
 total_blobs=1869 nmethods=1217 adapters=292
 compilation: enabled
              stopped_count=0, restarted_count=0
 full_count=0

Compilation events (10 events):
Event: 4.383 Thread 0x0000022bef37b800 1202       3       com.sun.tools.javac.code.Symbol$VarSymbol::<init> (24 bytes)
Event: 4.384 Thread 0x0000022bef37b800 nmethod 1202 0x0000022bdbf16390 code [0x0000022bdbf16560, 0x0000022bdbf16750]
Event: 4.384 Thread 0x0000022bef37b800 1203       3       com.sun.tools.javac.code.Symtab::enterClass (71 bytes)
Event: 4.386 Thread 0x0000022bef37b800 nmethod 1203 0x0000022bdbf16810 code [0x0000022bdbf16b60, 0x0000022bdbf18100]
Event: 4.386 Thread 0x0000022bef37b800 1204       3       java.util.Spliterator::getExactSizeIfKnown (25 bytes)
Event: 4.387 Thread 0x0000022bef37b800 nmethod 1204 0x0000022bdbf18890 code [0x0000022bdbf18a60, 0x0000022bdbf18de0]
Event: 4.389 Thread 0x0000022bef37b800 1205       3       com.sun.tools.javac.jvm.ClassReader::readAttrs (89 bytes)
Event: 4.390 Thread 0x0000022bef37b800 nmethod 1205 0x0000022bdbf18e90 code [0x0000022bdbf190e0, 0x0000022bdbf19890]
Event: 4.391 Thread 0x0000022bef37b800 1206       3       java.util.stream.StreamSupport::stream (19 bytes)
Event: 4.391 Thread 0x0000022bef37b800 nmethod 1206 0x0000022bdbf19b10 code [0x0000022bdbf19d20, 0x0000022bdbf1a1b0]

GC Heap History (10 events):
Event: 4.024 GC heap before
{Heap before GC invocations=8 (full 0):
 garbage-first heap   total 12288K, used 6379K [0x00000000c2800000, 0x0000000100000000)
  region size 1024K, 3 young (3072K), 1 survivors (1024K)
 Metaspace       used 8241K, capacity 11288K, committed 11520K, reserved 1058816K
  class space    used 947K, capacity 1280K, committed 1280K, reserved 1048576K
}
Event: 4.026 GC heap after
{Heap after GC invocations=9 (full 0):
 garbage-first heap   total 12288K, used 4452K [0x00000000c2800000, 0x0000000100000000)
  region size 1024K, 1 young (1024K), 1 survivors (1024K)
 Metaspace       used 8241K, capacity 11288K, committed 11520K, reserved 1058816K
  class space    used 947K, capacity 1280K, committed 1280K, reserved 1048576K
}
Event: 4.110 GC heap before
{Heap before GC invocations=9 (full 0):
 garbage-first heap   total 12288K, used 6500K [0x00000000c2800000, 0x0000000100000000)
  region size 1024K, 3 young (3072K), 1 survivors (1024K)
 Metaspace       used 8257K, capacity 11291K, committed 11520K, reserved 1058816K
  class space    used 947K, capacity 1280K, committed 1280K, reserved 1048576K
}
Event: 4.113 GC heap after
{Heap after GC invocations=10 (full 0):
 garbage-first heap   total 12288K, used 4799K [0x00000000c2800000, 0x0000000100000000)
  region size 1024K, 1 young (1024K), 1 survivors (1024K)
 Metaspace       used 8257K, capacity 11291K, committed 11520K, reserved 1058816K
  class space    used 947K, capacity 1280K, committed 1280K, reserved 1048576K
}
Event: 4.118 GC heap before
{Heap before GC invocations=10 (full 0):
 garbage-first heap   total 12288K, used 6847K [0x00000000c2800000, 0x0000000100000000)
  region size 1024K, 3 young (3072K), 1 survivors (1024K)
 Metaspace       used 8257K, capacity 11291K, committed 11520K, reserved 1058816K
  class space    used 947K, capacity 1280K, committed 1280K, reserved 1048576K
}
Event: 4.122 GC heap after
{Heap after GC invocations=11 (full 0):
 garbage-first heap   total 12288K, used 4979K [0x00000000c2800000, 0x0000000100000000)
  region size 1024K, 1 young (1024K), 1 survivors (1024K)
 Metaspace       used 8257K, capacity 11291K, committed 11520K, reserved 1058816K
  class space    used 947K, capacity 1280K, committed 1280K, reserved 1048576K
}
Event: 4.154 GC heap before
{Heap before GC invocations=11 (full 0):
 garbage-first heap   total 12288K, used 6003K [0x00000000c2800000, 0x0000000100000000)
  region size 1024K, 2 young (2048K), 1 survivors (1024K)
 Metaspace       used 8270K, capacity 11291K, committed 11520K, reserved 1058816K
  class space    used 947K, capacity 1280K, committed 1280K, reserved 1048576K
}
Event: 4.158 GC heap after
{Heap after GC invocations=12 (full 0):
 garbage-first heap   total 15360K, used 5031K [0x00000000c2800000, 0x0000000100000000)
  region size 1024K, 1 young (1024K), 1 survivors (1024K)
 Metaspace       used 8270K, capacity 11291K, committed 11520K, reserved 1058816K
  class space    used 947K, capacity 1280K, committed 1280K, reserved 1048576K
}
Event: 4.318 GC heap before
{Heap before GC invocations=12 (full 0):
 garbage-first heap   total 15360K, used 8103K [0x00000000c2800000, 0x0000000100000000)
  region size 1024K, 4 young (4096K), 1 survivors (1024K)
 Metaspace       used 8405K, capacity 11379K, committed 11648K, reserved 1058816K
  class space    used 964K, capacity 1288K, committed 1408K, reserved 1048576K
}
Event: 4.321 GC heap after
{Heap after GC invocations=13 (full 0):
 garbage-first heap   total 15360K, used 5627K [0x00000000c2800000, 0x0000000100000000)
  region size 1024K, 1 young (1024K), 1 survivors (1024K)
 Metaspace       used 8405K, capacity 11379K, committed 11648K, reserved 1058816K
  class space    used 964K, capacity 1288K, committed 1408K, reserved 1048576K
}

Deoptimization events (10 events):
Event: 1.596 Thread 0x0000022bd32ab000 Uncommon trap: reason=unstable_if action=reinterpret pc=0x0000022be3190b90 method=java.nio.Buffer.hasRemaining()Z @ 8 c2
Event: 2.147 Thread 0x0000022bd32ab000 Uncommon trap: reason=unstable_if action=reinterpret pc=0x0000022be319f6d4 method=java.lang.String.regionMatches(ILjava/lang/String;II)Z @ 111 c2
Event: 2.357 Thread 0x0000022bd32ab000 Uncommon trap: reason=unstable_if action=reinterpret pc=0x0000022be31aeffc method=com.sun.tools.javac.parser.UnicodeReader.scanChar()V @ 37 c2
Event: 2.746 Thread 0x0000022bd32ab000 Uncommon trap: reason=unstable_if action=reinterpret pc=0x0000022be31b68d4 method=com.sun.tools.javac.parser.UnicodeReader.scanCommentChar()V @ 10 c2
Event: 2.746 Thread 0x0000022bd32ab000 Uncommon trap: reason=unstable_if action=reinterpret pc=0x0000022be31b1164 method=com.sun.tools.javac.parser.UnicodeReader.scanCommentChar()V @ 10 c2
Event: 3.079 Thread 0x0000022bd32ab000 Uncommon trap: reason=unstable_if action=reinterpret pc=0x0000022be31b263c method=com.sun.tools.javac.util.Name$Table.equals([BI[BII)Z @ 22 c2
Event: 3.758 Thread 0x0000022bd32ab000 Uncommon trap: reason=profile_predicate action=maybe_recompile pc=0x0000022be31d2594 method=java.lang.StringLatin1.indexOf([BI[BII)I @ 18 c2
Event: 3.758 Thread 0x0000022bd32ab000 Uncommon trap: reason=profile_predicate action=maybe_recompile pc=0x0000022be31d2594 method=java.lang.StringLatin1.indexOf([BI[BII)I @ 18 c2
Event: 3.758 Thread 0x0000022bd32ab000 Uncommon trap: reason=profile_predicate action=maybe_recompile pc=0x0000022be31d2594 method=java.lang.StringLatin1.indexOf([BI[BII)I @ 18 c2
Event: 3.759 Thread 0x0000022bd32ab000 Uncommon trap: reason=profile_predicate action=maybe_recompile pc=0x0000022be31d2594 method=java.lang.StringLatin1.indexOf([BI[BII)I @ 18 c2

Classes redefined (0 events):
No events

Internal exceptions (10 events):
Event: 3.637 Thread 0x0000022bd32ab000 Exception <a 'sun/nio/fs/WindowsException'{0x00000000c3352bf8}> (0x00000000c3352bf8) thrown at [t:/workspace/open/src/hotspot/share/prims/jni.cpp, line 615]
Event: 3.637 Thread 0x0000022bd32ab000 Exception <a 'sun/nio/fs/WindowsException'{0x00000000c3352ef8}> (0x00000000c3352ef8) thrown at [t:/workspace/open/src/hotspot/share/prims/jni.cpp, line 615]
Event: 4.006 Thread 0x0000022bd32ab000 Exception <a 'sun/nio/fs/WindowsException'{0x00000000c327f740}> (0x00000000c327f740) thrown at [t:/workspace/open/src/hotspot/share/prims/jni.cpp, line 615]
Event: 4.006 Thread 0x0000022bd32ab000 Exception <a 'sun/nio/fs/WindowsException'{0x00000000c327fa38}> (0x00000000c327fa38) thrown at [t:/workspace/open/src/hotspot/share/prims/jni.cpp, line 615]
Event: 4.009 Thread 0x0000022bd32ab000 Exception <a 'sun/nio/fs/WindowsException'{0x00000000c3280530}> (0x00000000c3280530) thrown at [t:/workspace/open/src/hotspot/share/prims/jni.cpp, line 615]
Event: 4.009 Thread 0x0000022bd32ab000 Exception <a 'sun/nio/fs/WindowsException'{0x00000000c3280820}> (0x00000000c3280820) thrown at [t:/workspace/open/src/hotspot/share/prims/jni.cpp, line 615]
Event: 4.017 Thread 0x0000022bd32ab000 Exception <a 'sun/nio/fs/WindowsException'{0x00000000c328be18}> (0x00000000c328be18) thrown at [t:/workspace/open/src/hotspot/share/prims/jni.cpp, line 615]
Event: 4.019 Thread 0x0000022bd32ab000 Exception <a 'sun/nio/fs/WindowsException'{0x00000000c328c100}> (0x00000000c328c100) thrown at [t:/workspace/open/src/hotspot/share/prims/jni.cpp, line 615]
Event: 4.020 Thread 0x0000022bd32ab000 Exception <a 'sun/nio/fs/WindowsException'{0x00000000c328d388}> (0x00000000c328d388) thrown at [t:/workspace/open/src/hotspot/share/prims/jni.cpp, line 615]
Event: 4.020 Thread 0x0000022bd32ab000 Exception <a 'sun/nio/fs/WindowsException'{0x00000000c328d658}> (0x00000000c328d658) thrown at [t:/workspace/open/src/hotspot/share/prims/jni.cpp, line 615]

Events (10 events):
Event: 4.365 loading class com/sun/tools/javac/code/TypeAnnotations
Event: 4.365 loading class com/sun/tools/javac/code/TypeAnnotations done
Event: 4.370 loading class com/sun/tools/javac/code/Symbol
Event: 4.370 loading class com/sun/tools/javac/code/Symbol done
Event: 4.370 loading class com/sun/tools/javac/util/Filter
Event: 4.370 loading class com/sun/tools/javac/util/Filter done
Event: 4.370 loading class com/sun/tools/javac/code/Symbol
Event: 4.370 loading class com/sun/tools/javac/code/Symbol done
Event: 4.371 loading class com/sun/tools/javac/code/Symbol
Event: 4.371 loading class com/sun/tools/javac/code/Symbol done


Dynamic libraries:
0x00007ff7d3aa0000 - 0x00007ff7d3aa8000 	C:\Program Files\Java\jdk-12.0.2\bin\javac.exe
0x00007ffd47250000 - 0x00007ffd47448000 	C:\Windows\SYSTEM32\ntdll.dll
0x00007ffd46a00000 - 0x00007ffd46abd000 	C:\Windows\System32\KERNEL32.DLL
0x00007ffd44fe0000 - 0x00007ffd452ae000 	C:\Windows\System32\KERNELBASE.dll
0x00007ffd44ad0000 - 0x00007ffd44bd0000 	C:\Windows\System32\ucrtbase.dll
0x00007ffd33d20000 - 0x00007ffd33d36000 	C:\Program Files\Java\jdk-12.0.2\bin\VCRUNTIME140.dll
0x00007ffd3d210000 - 0x00007ffd3d228000 	C:\Program Files\Java\jdk-12.0.2\bin\jli.dll
0x00007ffd46030000 - 0x00007ffd460de000 	C:\Windows\System32\ADVAPI32.dll
0x00007ffd462e0000 - 0x00007ffd4637e000 	C:\Windows\System32\msvcrt.dll
0x00007ffd460e0000 - 0x00007ffd4617c000 	C:\Windows\System32\sechost.dll
0x00007ffd45dd0000 - 0x00007ffd45ef5000 	C:\Windows\System32\RPCRT4.dll
0x00007ffd46850000 - 0x00007ffd469f0000 	C:\Windows\System32\USER32.dll
0x00007ffd44fb0000 - 0x00007ffd44fd2000 	C:\Windows\System32\win32u.dll
0x00007ffd45520000 - 0x00007ffd4554a000 	C:\Windows\System32\GDI32.dll
0x00007ffd44ea0000 - 0x00007ffd44fab000 	C:\Windows\System32\gdi32full.dll
0x00007ffd44a30000 - 0x00007ffd44acd000 	C:\Windows\System32\msvcp_win.dll
0x00007ffd3dcf0000 - 0x00007ffd3df8a000 	C:\Windows\WinSxS\amd64_microsoft.windows.common-controls_6595b64144ccf1df_6.0.19041.1110_none_60b5254171f9507e\COMCTL32.dll
0x00007ffd31ef0000 - 0x00007ffd31efa000 	C:\Windows\SYSTEM32\VERSION.dll
0x00007ffd46230000 - 0x00007ffd46260000 	C:\Windows\System32\IMM32.DLL
0x00007ffd13c00000 - 0x00007ffd13caa000 	C:\Program Files\Java\jdk-12.0.2\bin\msvcp140.dll
0x00007ffcfa8b0000 - 0x00007ffcfb427000 	C:\Program Files\Java\jdk-12.0.2\bin\server\jvm.dll
0x00007ffd45b20000 - 0x00007ffd45b28000 	C:\Windows\System32\PSAPI.DLL
0x00007ffd324d0000 - 0x00007ffd324d9000 	C:\Windows\SYSTEM32\WSOCK32.dll
0x00007ffd45c40000 - 0x00007ffd45cab000 	C:\Windows\System32\WS2_32.dll
0x00007ffd351f0000 - 0x00007ffd35217000 	C:\Windows\SYSTEM32\WINMM.dll
0x00007ffd43250000 - 0x00007ffd43262000 	C:\Windows\SYSTEM32\kernel.appcore.dll
0x00007ffd33990000 - 0x00007ffd339a1000 	C:\Program Files\Java\jdk-12.0.2\bin\verify.dll
0x00007ffd42ec0000 - 0x00007ffd430a4000 	C:\Windows\SYSTEM32\DBGHELP.DLL
0x00007ffd3cdb0000 - 0x00007ffd3cddc000 	C:\Windows\SYSTEM32\dbgcore.DLL
0x00007ffd44c80000 - 0x00007ffd44d02000 	C:\Windows\System32\bcryptPrimitives.dll
0x00007ffd265f0000 - 0x00007ffd26616000 	C:\Program Files\Java\jdk-12.0.2\bin\java.dll
0x00007ffd316f0000 - 0x00007ffd31707000 	C:\Program Files\Java\jdk-12.0.2\bin\zip.dll
0x00007ffd391a0000 - 0x00007ffd391aa000 	C:\Program Files\Java\jdk-12.0.2\bin\jimage.dll
0x00007ffd46ac0000 - 0x00007ffd47204000 	C:\Windows\System32\SHELL32.dll
0x00007ffd42720000 - 0x00007ffd42eb4000 	C:\Windows\SYSTEM32\windows.storage.dll
0x00007ffd457a0000 - 0x00007ffd45af4000 	C:\Windows\System32\combase.dll
0x00007ffd44300000 - 0x00007ffd44330000 	C:\Windows\SYSTEM32\Wldp.dll
0x00007ffd46180000 - 0x00007ffd4622d000 	C:\Windows\System32\SHCORE.dll
0x00007ffd45390000 - 0x00007ffd453e5000 	C:\Windows\System32\shlwapi.dll
0x00007ffd448b0000 - 0x00007ffd448cf000 	C:\Windows\SYSTEM32\profapi.dll
0x00007ffd2ff20000 - 0x00007ffd2ff39000 	C:\Program Files\Java\jdk-12.0.2\bin\net.dll
0x00007ffd34470000 - 0x00007ffd3457a000 	C:\Windows\SYSTEM32\WINHTTP.dll
0x00007ffd38ef0000 - 0x00007ffd390dc000 	C:\Windows\SYSTEM32\urlmon.dll
0x00007ffd39240000 - 0x00007ffd394f1000 	C:\Windows\SYSTEM32\iertutil.dll
0x00007ffd38ec0000 - 0x00007ffd38ee8000 	C:\Windows\SYSTEM32\srvcli.dll
0x00007ffd43e60000 - 0x00007ffd43e6c000 	C:\Windows\SYSTEM32\netutils.dll
0x00007ffd44060000 - 0x00007ffd440ca000 	C:\Windows\system32\mswsock.dll
0x00007ffd2dbf0000 - 0x00007ffd2dc03000 	C:\Program Files\Java\jdk-12.0.2\bin\nio.dll

dbghelp: loaded successfully - version: 4.0.5 - missing functions: none
symbol engine: initialized successfully - sym options: 0x614 - pdb path: .;C:\Program Files\Java\jdk-12.0.2\bin;C:\Windows\SYSTEM32;C:\Windows\WinSxS\amd64_microsoft.windows.common-controls_6595b64144ccf1df_6.0.19041.1110_none_60b5254171f9507e;C:\Program Files\Java\jdk-12.0.2\bin\server

VM Arguments:
jvm_args: -Dapplication.home=C:\Program Files\Java\jdk-12.0.2 --add-modules=ALL-DEFAULT -Xms8m -Djdk.module.main=jdk.compiler 
java_command: jdk.compiler/com.sun.tools.javac.Main -d C:\Users\Administrador\Documents\Práctica\PracticaG18\build\classes -classpath C:\Users\Administrador\Documents\Práctica\PracticaG18\build\classes -sourcepath C:\Users\Administrador\Documents\Práctica\PracticaG18\build\empty -target 11 -encoding UTF-8 -g -processorpath C:\Users\Administrador\Documents\Práctica\PracticaG18\build\empty -s C:\Users\Administrador\Documents\Práctica\PracticaG18\build\generated-sources\ap-source-output -source 11 C:\Users\Administrador\Documents\Práctica\PracticaG18\src\autores\modelos\Alumno.java C:\Users\Administrador\Documents\Práctica\PracticaG18\src\autores\modelos\Autor.java C:\Users\Administrador\Documents\Práctica\PracticaG18\src\autores\modelos\Cargo.java C:\Users\Administrador\Documents\Práctica\PracticaG18\src\autores\modelos\ModeloComboCargos.java C:\Users\Administrador\Documents\Práctica\PracticaG18\src\autores\modelos\Profesor.java C:\Users\Administrador\Documents\Práctica\PracticaG18\src\autores\vistas\VentanaAMAlumno.java C:\Users\Administrador\Documents\Práctica\PracticaG18\src\autores\vistas\VentanaAMProfesor.java C:\Users\Administrador\Documents\Práctica\PracticaG18\src\grupos\modelos\Grupo.java C:\Users\Administrador\Documents\Práctica\PracticaG18\src\grupos\modelos\MiembroEnGrupo.java C:\Users\Administrador\Documents\Práctica\PracticaG18\src\grupos\modelos\Rol.java C:\Users\Administrador\Documents\Práctica\PracticaG18\src\grupos\vistas\VentanaAMGrupo.java C:\Users\Administrador\Documents\Práctica\PracticaG18\src\idiomas\modelos\Idioma.java C:\Users\Administrador\Documents\Práctica\PracticaG18\src\idiomas\vistas\VentanaAIdioma.java C:\Users\Administrador\Documents\Práctica\PracticaG18\src\lugares\modelos\Lugar.java C:\Users\Administrador\Documents\Práctica\PracticaG18\src\lugares\vistas\VentanaALugar.java C:\Users\Administrador\Documents\Práctica\PracticaG18\src\palabrasclaves\modelos\PalabraClave.java C:\Users\Administrador\Documents\Práctica\PracticaG18\src\pal
java_class_path (initial): <not set>
Launcher Type: SUN_STANDARD

[Global flags]
     intx CICompilerCount                          = 2                                         {product} {ergonomic}
     uint ConcGCThreads                            = 1                                         {product} {ergonomic}
     uint G1ConcRefinementThreads                  = 2                                         {product} {ergonomic}
   size_t G1HeapRegionSize                         = 1048576                                   {product} {ergonomic}
    uintx GCDrainStackTargetSize                   = 64                                        {product} {ergonomic}
   size_t InitialHeapSize                          = 8388608                                   {product} {command line}
   size_t MarkStackSize                            = 4194304                                   {product} {ergonomic}
   size_t MaxHeapSize                              = 1031798784                                {product} {ergonomic}
   size_t MaxNewSize                               = 618659840                                 {product} {ergonomic}
   size_t MinHeapDeltaBytes                        = 1048576                                   {product} {ergonomic}
    uintx NonNMethodCodeHeapSize                   = 5825164                                {pd product} {ergonomic}
    uintx NonProfiledCodeHeapSize                  = 122916538                              {pd product} {ergonomic}
    uintx ProfiledCodeHeapSize                     = 122916538                              {pd product} {ergonomic}
    uintx ReservedCodeCacheSize                    = 251658240                              {pd product} {ergonomic}
     bool SegmentedCodeCache                       = true                                      {product} {ergonomic}
     bool UseCompressedClassPointers               = true                                 {lp64_product} {ergonomic}
     bool UseCompressedOops                        = true                                 {lp64_product} {ergonomic}
     bool UseG1GC                                  = true                                      {product} {ergonomic}
     bool UseLargePagesIndividualAllocation        = false                                  {pd product} {ergonomic}

Logging:
Log output configuration:
 #0: stdout all=warning uptime,level,tags
 #1: stderr all=off uptime,level,tags

Environment Variables:
PATH=C:\Windows\system32;C:\Windows;C:\Windows\System32\Wbem;C:\Windows\System32\WindowsPowerShell\v1.0\;C:\Windows\System32\OpenSSH\;C:\Program Files\Java\jdk-12.0.2\bin;C:\Program Files\Git\cmd;C:\Program Files (x86)\dotnet\;C:\Users\Administrador\AppData\Local\Microsoft\WindowsApps;
USERNAME=Administrador
OS=Windows_NT
PROCESSOR_IDENTIFIER=Intel64 Family 6 Model 92 Stepping 9, GenuineIntel



---------------  S Y S T E M  ---------------

OS: Windows 10 , 64 bit Build 19041 (10.0.19041.1889)

CPU:total 2 (initial active 2) (2 cores per cpu, 1 threads per core) family 6 model 92 stepping 9, cmov, cx8, fxsr, mmx, sse, sse2, sse3, ssse3, sse4.1, sse4.2, popcnt, aes, clmul, erms, 3dnowpref, tsc, tscinvbit, sha

Memory: 4k page, system-wide physical 3928M (548M free)
TotalPageFile size 16216M (AvailPageFile size 3M)
current process WorkingSet (physical memory assigned to process): 74M, peak: 74M
current process commit charge ("private bytes"): 96M, peak: 97M

vm_info: Java HotSpot(TM) 64-Bit Server VM (12.0.2+10) for windows-amd64 JRE (12.0.2+10), built on Jul 16 2019 01:56:17 by "mach5one" with MS VC++ 15.5 (VS2017)

END.
